[debug] [2022-05-09T21:59:22.208Z] ----------------------------------------------------------------------
[debug] [2022-05-09T21:59:22.212Z] Command:       C:\Program Files\nodejs\node.exe C:\Users\tuxo9\AppData\Roaming\npm\node_modules\firebase-tools\lib\bin\firebase.js init
[debug] [2022-05-09T21:59:22.213Z] CLI Version:   10.8.0
[debug] [2022-05-09T21:59:22.213Z] Platform:      win32
[debug] [2022-05-09T21:59:22.213Z] Node Version:  v16.11.0
[debug] [2022-05-09T21:59:22.215Z] Time:          Mon May 09 2022 22:59:22 GMT+0100 (British Summer Time)
[debug] [2022-05-09T21:59:22.216Z] ----------------------------------------------------------------------
[debug] 
[debug] [2022-05-09T21:59:22.228Z] > command requires scopes: ["email","openid","https://www.googleapis.com/auth/cloudplatformprojects.readonly","https://www.googleapis.com/auth/firebase","https://www.googleapis.com/auth/cloud-platform"]
[debug] [2022-05-09T21:59:22.228Z] > authorizing via signed-in user (hugolapa888@gmail.com)
[info] 
     ######## #### ########  ######## ########     ###     ######  ########
     ##        ##  ##     ## ##       ##     ##  ##   ##  ##       ##
     ######    ##  ########  ######   ########  #########  ######  ######
     ##        ##  ##    ##  ##       ##     ## ##     ##       ## ##
     ##       #### ##     ## ######## ########  ##     ##  ######  ########

You're about to initialize a Firebase project in this directory:

  C:\Users\tuxo9\Documents\Programming Projects\todolist

[debug] [2022-05-09T22:00:30.750Z] Error: kill ENOSYS
    at process.kill (node:internal/process/per_thread:215:13)
    at process.listener (C:\Users\tuxo9\AppData\Roaming\npm\node_modules\firebase-tools\node_modules\signal-exit\index.js:95:15)
    at process.emit (node:events:390:28)
[error] 
[error] Error: An unexpected error has occurred.
